2020-09-10 20:52:52.772  INFO 14788 --- [main] c.why.home.back_end.BackEndApplication   : Starting BackEndApplication v0.0.1-SNAPSHOT on DESKTOP-HA3441M with PID 14788 (D:\IdeaProjects\why_home-master\target\back_end-0.0.1-SNAPSHOT.jar started by zero in D:\IdeaProjects\why_home-master\target)
2020-09-10 20:52:52.776  INFO 14788 --- [main] c.why.home.back_end.BackEndApplication   : The following profiles are active: pro
2020-09-10 20:52:58.377  WARN 14788 --- [main] com.zaxxer.hikari.util.DriverDataSource  : Registered driver with driverClassName=com.mysql.jdbc.Driver was not found, trying direct instantiation.
2020-09-10 20:53:03.388  WARN 14788 --- [main] JpaBaseConfiguration$JpaWebConfiguration : spring.jpa.open-in-view is enabled by default. Therefore, database queries may be performed during view rendering. Explicitly configure spring.jpa.open-in-view to disable this warning
2020-09-10 20:53:05.621  INFO 14788 --- [main] c.why.home.back_end.BackEndApplication   : Started BackEndApplication in 14.472 seconds (JVM running for 16.652)
2020-09-10 20:53:08.778  INFO 14788 --- [http-nio-18080-exec-1] com.why.home.back_end.aspect.LogAspect   : ---doBefore---Request:RequestMessageLog{url='http://localhost:18080/', ip='0:0:0:0:0:0:0:1', classMethod='com.why.home.back_end.web.HomepageControllerhomepage', args=[{}]}
2020-09-10 20:53:09.018  INFO 14788 --- [http-nio-18080-exec-1] com.why.home.back_end.aspect.LogAspect   : ---doAfterReturn---Result : {home}
2020-09-10 20:53:10.794  INFO 14788 --- [http-nio-18080-exec-4] com.why.home.back_end.aspect.LogAspect   : ---doBefore---Request:RequestMessageLog{url='http://localhost:18080/footer/newBlogs', ip='0:0:0:0:0:0:0:1', classMethod='com.why.home.back_end.web.HomepageControllernewblogs', args=[{}]}
2020-09-10 20:53:10.817  INFO 14788 --- [http-nio-18080-exec-4] com.why.home.back_end.aspect.LogAspect   : ---doAfterReturn---Result : {_fragments :: newBlogList}
2020-09-10 20:53:16.633  INFO 14788 --- [http-nio-18080-exec-5] com.why.home.back_end.aspect.LogAspect   : ---doBefore---Request:RequestMessageLog{url='http://localhost:18080/blogs', ip='0:0:0:0:0:0:0:1', classMethod='com.why.home.back_end.web.BlogClientControllerblogs', args=[Page request [number: 0, size 8, sort: updateTime: DESC], {}]}
2020-09-10 20:53:16.681  WARN 14788 --- [http-nio-18080-exec-5] org.hibernate.orm.deprecation            : HHH90000016: Found use of deprecated 'collection property' syntax in HQL/JPQL query [t.blogs.size]; use collection function syntax instead [size(t.blogs)].
2020-09-10 20:53:16.747  WARN 14788 --- [http-nio-18080-exec-5] org.hibernate.orm.deprecation            : HHH90000016: Found use of deprecated 'collection property' syntax in HQL/JPQL query [t.blogs.size]; use collection function syntax instead [size(t.blogs)].
2020-09-10 20:53:16.874  INFO 14788 --- [http-nio-18080-exec-5] com.why.home.back_end.aspect.LogAspect   : ---doAfterReturn---Result : {blogs}
2020-09-10 20:53:17.688  INFO 14788 --- [http-nio-18080-exec-8] com.why.home.back_end.aspect.LogAspect   : ---doBefore---Request:RequestMessageLog{url='http://localhost:18080/footer/newBlogs', ip='0:0:0:0:0:0:0:1', classMethod='com.why.home.back_end.web.HomepageControllernewblogs', args=[{}]}
2020-09-10 20:53:17.761  INFO 14788 --- [http-nio-18080-exec-8] com.why.home.back_end.aspect.LogAspect   : ---doAfterReturn---Result : {_fragments :: newBlogList}
2020-09-10 20:53:20.689  INFO 14788 --- [http-nio-18080-exec-10] com.why.home.back_end.aspect.LogAspect   : ---doBefore---Request:RequestMessageLog{url='http://localhost:18080/', ip='0:0:0:0:0:0:0:1', classMethod='com.why.home.back_end.web.HomepageControllerhomepage', args=[{}]}
2020-09-10 20:53:20.713  INFO 14788 --- [http-nio-18080-exec-10] com.why.home.back_end.aspect.LogAspect   : ---doAfterReturn---Result : {home}
2020-09-10 20:53:21.024  INFO 14788 --- [http-nio-18080-exec-7] com.why.home.back_end.aspect.LogAspect   : ---doBefore---Request:RequestMessageLog{url='http://localhost:18080/footer/newBlogs', ip='0:0:0:0:0:0:0:1', classMethod='com.why.home.back_end.web.HomepageControllernewblogs', args=[{}]}
2020-09-10 20:53:21.040  INFO 14788 --- [http-nio-18080-exec-7] com.why.home.back_end.aspect.LogAspect   : ---doAfterReturn---Result : {_fragments :: newBlogList}
2020-09-10 20:53:21.775  INFO 14788 --- [http-nio-18080-exec-6] com.why.home.back_end.aspect.LogAspect   : ---doBefore---Request:RequestMessageLog{url='http://localhost:18080/types/-1', ip='0:0:0:0:0:0:0:1', classMethod='com.why.home.back_end.web.TypeClientControllertypes', args=[Page request [number: 0, size 8, sort: updateTime: DESC], -1, {}]}
2020-09-10 20:53:21.835  INFO 14788 --- [http-nio-18080-exec-6] com.why.home.back_end.aspect.LogAspect   : ---doAfterReturn---Result : {types}
2020-09-10 20:53:22.963  INFO 14788 --- [http-nio-18080-exec-3] com.why.home.back_end.aspect.LogAspect   : ---doBefore---Request:RequestMessageLog{url='http://localhost:18080/footer/newBlogs', ip='0:0:0:0:0:0:0:1', classMethod='com.why.home.back_end.web.HomepageControllernewblogs', args=[{}]}
2020-09-10 20:53:22.984  INFO 14788 --- [http-nio-18080-exec-3] com.why.home.back_end.aspect.LogAspect   : ---doAfterReturn---Result : {_fragments :: newBlogList}
2020-09-10 20:53:23.298  INFO 14788 --- [http-nio-18080-exec-4] com.why.home.back_end.aspect.LogAspect   : ---doBefore---Request:RequestMessageLog{url='http://localhost:18080/tags/-1', ip='0:0:0:0:0:0:0:1', classMethod='com.why.home.back_end.web.TagClientControllertags', args=[Page request [number: 0, size 8, sort: updateTime: DESC], -1, {}]}
2020-09-10 20:53:23.375  INFO 14788 --- [http-nio-18080-exec-4] com.why.home.back_end.aspect.LogAspect   : ---doAfterReturn---Result : {tags}
2020-09-10 20:53:24.041  INFO 14788 --- [http-nio-18080-exec-1] com.why.home.back_end.aspect.LogAspect   : ---doBefore---Request:RequestMessageLog{url='http://localhost:18080/footer/newBlogs', ip='0:0:0:0:0:0:0:1', classMethod='com.why.home.back_end.web.HomepageControllernewblogs', args=[{}]}
2020-09-10 20:53:24.066  INFO 14788 --- [http-nio-18080-exec-1] com.why.home.back_end.aspect.LogAspect   : ---doAfterReturn---Result : {_fragments :: newBlogList}
2020-09-10 20:53:25.100  INFO 14788 --- [http-nio-18080-exec-2] com.why.home.back_end.aspect.LogAspect   : ---doBefore---Request:RequestMessageLog{url='http://localhost:18080/archives', ip='0:0:0:0:0:0:0:1', classMethod='com.why.home.back_end.web.ArchiveControllerarchives', args=[{}]}
2020-09-10 20:53:25.248  INFO 14788 --- [http-nio-18080-exec-2] com.why.home.back_end.aspect.LogAspect   : ---doAfterReturn---Result : {archives}
2020-09-10 20:53:25.715  INFO 14788 --- [http-nio-18080-exec-5] com.why.home.back_end.aspect.LogAspect   : ---doBefore---Request:RequestMessageLog{url='http://localhost:18080/footer/newBlogs', ip='0:0:0:0:0:0:0:1', classMethod='com.why.home.back_end.web.HomepageControllernewblogs', args=[{}]}
2020-09-10 20:53:25.733  INFO 14788 --- [http-nio-18080-exec-5] com.why.home.back_end.aspect.LogAspect   : ---doAfterReturn---Result : {_fragments :: newBlogList}
2020-09-10 20:53:26.094  INFO 14788 --- [http-nio-18080-exec-9] com.why.home.back_end.aspect.LogAspect   : ---doBefore---Request:RequestMessageLog{url='http://localhost:18080/aboutme', ip='0:0:0:0:0:0:0:1', classMethod='com.why.home.back_end.web.HomepageControlleraboutme', args=[]}
2020-09-10 20:53:26.096  INFO 14788 --- [http-nio-18080-exec-9] com.why.home.back_end.aspect.LogAspect   : ---doAfterReturn---Result : {aboutme}
2020-09-10 20:53:26.559  INFO 14788 --- [http-nio-18080-exec-10] com.why.home.back_end.aspect.LogAspect   : ---doBefore---Request:RequestMessageLog{url='http://localhost:18080/footer/newBlogs', ip='0:0:0:0:0:0:0:1', classMethod='com.why.home.back_end.web.HomepageControllernewblogs', args=[{}]}
2020-09-10 20:53:26.579  INFO 14788 --- [http-nio-18080-exec-10] com.why.home.back_end.aspect.LogAspect   : ---doAfterReturn---Result : {_fragments :: newBlogList}
2020-09-10 20:53:27.032  INFO 14788 --- [http-nio-18080-exec-7] com.why.home.back_end.aspect.LogAspect   : ---doBefore---Request:RequestMessageLog{url='http://localhost:18080/', ip='0:0:0:0:0:0:0:1', classMethod='com.why.home.back_end.web.HomepageControllerhomepage', args=[{}]}
2020-09-10 20:53:27.051  INFO 14788 --- [http-nio-18080-exec-7] com.why.home.back_end.aspect.LogAspect   : ---doAfterReturn---Result : {home}
2020-09-10 20:53:27.583  INFO 14788 --- [http-nio-18080-exec-6] com.why.home.back_end.aspect.LogAspect   : ---doBefore---Request:RequestMessageLog{url='http://localhost:18080/footer/newBlogs', ip='0:0:0:0:0:0:0:1', classMethod='com.why.home.back_end.web.HomepageControllernewblogs', args=[{}]}
2020-09-10 20:53:27.601  INFO 14788 --- [http-nio-18080-exec-6] com.why.home.back_end.aspect.LogAspect   : ---doAfterReturn---Result : {_fragments :: newBlogList}
